2021-11-26 21:46:03,431 - root - INFO - On page: https://www.halffaceblades.com/account/login
2021-11-26 21:46:08,608 - root - ERROR - Failed to find element
Traceback (most recent call last):
  File "C:\Users\T.Ntandika\PycharmProjects\AutoBuyKnives\elements\base_element.py", line 18, in find
    elements = WebDriverWait(self.driver, 1).until(
  File "C:\Users\T.Ntandika\PycharmProjects\AutoBuyKnives\env\lib\site-packages\selenium\webdriver\support\wait.py", line 80, in until
    raise TimeoutException(message, screen, stacktrace)
selenium.common.exceptions.TimeoutException: Message: 

2021-11-26 21:46:09,743 - root - WARNING - Message: 

2021-11-26 21:46:10,780 - root - INFO - Found Elements with text: ['']
2021-11-26 21:46:10,780 - root - INFO - sending text to : <selenium.webdriver.remote.webelement.WebElement (session="5b3e159cfa69d5e50d08217b97b2848c", element="31f94e80-b0db-4c2d-96b4-d8d6d46992e7")>
2021-11-26 21:46:10,780 - root - INFO - sending text : mcewentito@gmail.com
2021-11-26 21:46:10,876 - root - INFO - Found Elements with text: ['']
2021-11-26 21:46:10,876 - root - INFO - sending text to : <selenium.webdriver.remote.webelement.WebElement (session="5b3e159cfa69d5e50d08217b97b2848c", element="1b8a9c57-f025-478c-b085-f174a2ae2cf8")>
2021-11-26 21:46:10,877 - root - INFO - sending text : imation
2021-11-26 21:46:10,965 - root - INFO - Found Elements with text: ['']
2021-11-26 21:46:10,995 - root - INFO - Clicking input
2021-11-26 21:46:12,717 - root - INFO - Clicked Locator(by='xpath', value='/html/body/div[4]/main/div/div/div[2]/form/p[1]/input')
2021-11-26 21:46:12,717 - root - INFO - On page: https://www.halffaceblades.com/collections/sheaths-and-trainers
2021-11-26 21:46:14,444 - root - ERROR - Failed to find element
Traceback (most recent call last):
  File "C:\Users\T.Ntandika\PycharmProjects\AutoBuyKnives\elements\base_element.py", line 18, in find
    elements = WebDriverWait(self.driver, 1).until(
  File "C:\Users\T.Ntandika\PycharmProjects\AutoBuyKnives\env\lib\site-packages\selenium\webdriver\support\wait.py", line 80, in until
    raise TimeoutException(message, screen, stacktrace)
selenium.common.exceptions.TimeoutException: Message: 

2021-11-26 21:46:15,516 - root - WARNING - Message: 

2021-11-26 21:46:15,899 - root - INFO - Found Elements with text: ['', '', '', '(Horizontal belt loops/carry straps) for kydex sheaths, 2 loops per set,\nSold out', '', '', '', '', '', '', '', '']
2021-11-26 21:46:16,192 - root - INFO - Truffle Hot sauce (CASE OF 12), HFB X Señor Lechuga collaboration sauce, Batch 5
Regular price
$250
2021-11-26 21:46:16,547 - root - INFO - Truffle Reaper sauce, HFB X Señor Lechuga collaboration hot sauce, batch 5
Regular price
$25
2021-11-26 21:46:16,891 - root - INFO - (KYDEX SHEATH) - Additional
Regular price
$45
2021-11-26 21:46:17,284 - root - INFO - (Horizontal belt loops/carry straps) for kydex sheaths, 2 loops per set,
Sold out
2021-11-26 21:46:17,347 - root - WARNING - Did not find price. Product could be sold out
2021-11-26 21:46:17,703 - root - INFO - Half face velcro patch
Regular price
$10
2021-11-26 21:46:18,116 - root - INFO - 45 degree angle leather sheath, fits knives with 3"-4" blade length,
Regular price
$45
2021-11-26 21:46:18,531 - root - INFO - (Leather sheath) For Disaster breacher, widowmaker, size leather sheath, wider knives, 9"-10" oa, 4-5" blade
Regular price
$45
2021-11-26 21:46:18,957 - root - INFO - (Leather sheath) For Crow jr, Disaster jr, Red Cloud, tanto, Kensof, fits 6"-8"overall length, 3"-4" blade
Regular price
$45
2021-11-26 21:46:19,350 - root - INFO - (Leather sheath) For the Crow scout, crow jr, hunter skinner, cavner series, 8"-10" size, 4"-5" blades
Regular price
$45
2021-11-26 21:46:19,752 - root - INFO - Drop leg SHEATH (large), tan leather belt loop carry,
Regular price
$45
2021-11-26 21:46:20,178 - root - INFO - Drop leg sheath (small), veg tan leather
Regular price
$35
2021-11-26 21:46:20,610 - root - INFO - Scalper decal/sticker dye cuts
Sold out
2021-11-26 21:46:20,672 - root - WARNING - Did not find price. Product could be sold out
2021-11-26 21:46:20,673 - root - INFO - All prices {<selenium.webdriver.remote.webelement.WebElement (session="5b3e159cfa69d5e50d08217b97b2848c", element="be369cf5-53ac-4f67-bba5-142f3d3274ce")>: 250.0, <selenium.webdriver.remote.webelement.WebElement (session="5b3e159cfa69d5e50d08217b97b2848c", element="2e53b1ab-32b0-4907-bbe9-78a7feb298e5")>: 25.0, <selenium.webdriver.remote.webelement.WebElement (session="5b3e159cfa69d5e50d08217b97b2848c", element="a46cad65-8ded-4c93-b03d-99798c96eac6")>: 45.0, <selenium.webdriver.remote.webelement.WebElement (session="5b3e159cfa69d5e50d08217b97b2848c", element="c89a704c-b502-43c1-8862-b8cbed04ed5a")>: 10.0, <selenium.webdriver.remote.webelement.WebElement (session="5b3e159cfa69d5e50d08217b97b2848c", element="f39f44ff-9679-40cf-872a-0981e7c5181e")>: 45.0, <selenium.webdriver.remote.webelement.WebElement (session="5b3e159cfa69d5e50d08217b97b2848c", element="6f36badd-70dc-41d3-9c77-54d2156d5fdf")>: 45.0, <selenium.webdriver.remote.webelement.WebElement (session="5b3e159cfa69d5e50d08217b97b2848c", element="ea040831-b873-4574-b32c-7a8c1beac51a")>: 45.0, <selenium.webdriver.remote.webelement.WebElement (session="5b3e159cfa69d5e50d08217b97b2848c", element="79a98775-a663-4a38-8a11-8a79accd4b5c")>: 45.0, <selenium.webdriver.remote.webelement.WebElement (session="5b3e159cfa69d5e50d08217b97b2848c", element="3e334023-3264-41a4-8762-c06ddad7383a")>: 45.0, <selenium.webdriver.remote.webelement.WebElement (session="5b3e159cfa69d5e50d08217b97b2848c", element="dffea8da-ce8c-488d-ad90-c1b871e2c55c")>: 35.0}
2021-11-26 21:46:24,419 - root - INFO - On page: https://www.halffaceblades.com/cart
2021-11-26 21:46:24,506 - root - INFO - Found Elements with text: ['Add to cart']
2021-11-26 21:46:24,579 - root - INFO - Clicking button
2021-11-26 21:46:24,655 - root - INFO - Clicked Locator(by='id', value='AddToCart-product-template')
2021-11-26 21:46:26,658 - root - INFO - On page: https://www.halffaceblades.com/cart
2021-11-26 21:46:28,838 - root - ERROR - Failed to find element
Traceback (most recent call last):
  File "C:\Users\T.Ntandika\PycharmProjects\AutoBuyKnives\elements\base_element.py", line 18, in find
    elements = WebDriverWait(self.driver, 1).until(
  File "C:\Users\T.Ntandika\PycharmProjects\AutoBuyKnives\env\lib\site-packages\selenium\webdriver\support\wait.py", line 80, in until
    raise TimeoutException(message, screen, stacktrace)
selenium.common.exceptions.TimeoutException: Message: 

2021-11-26 21:46:29,906 - root - WARNING - Message: 

2021-11-26 21:46:31,908 - root - INFO - going to complete shipping information
2021-11-26 21:46:32,035 - root - INFO - Found Elements with text: ['Check out']
2021-11-26 21:46:32,141 - root - INFO - Clicking button
2021-11-26 21:46:41,976 - root - INFO - Clicked Locator(by='xpath', value='/html/body/div[5]/main/div/div/form/footer/div/div/p[3]/button')
2021-11-26 21:46:41,993 - root - INFO - On page: https://www.halffaceblades.com/12593313/checkouts/382a394dc35090026920f680b8339a5b?_ga=2.85139801.114939770.1637955967-955049541.1637955967
2021-11-26 21:46:42,116 - root - INFO - Found Elements with text: ['']
2021-11-26 21:46:42,116 - root - INFO - sending text to : <selenium.webdriver.remote.webelement.WebElement (session="5b3e159cfa69d5e50d08217b97b2848c", element="46ac03fb-8014-4062-b46f-a1c130efdfcb")>
2021-11-26 21:46:42,116 - root - INFO - sending text : Microne Digital
2021-11-26 21:46:42,436 - root - INFO - Found Elements with text: ['']
2021-11-26 21:46:42,436 - root - INFO - sending text to : <selenium.webdriver.remote.webelement.WebElement (session="5b3e159cfa69d5e50d08217b97b2848c", element="666b22c7-ce8a-4e38-b8fd-ff4570a22a55")>
2021-11-26 21:46:42,436 - root - INFO - sending text : CHE 44
2021-11-26 21:46:42,568 - root - INFO - Found Elements with text: ['']
2021-11-26 21:46:42,568 - root - INFO - sending text to : <selenium.webdriver.remote.webelement.WebElement (session="5b3e159cfa69d5e50d08217b97b2848c", element="a751c2da-a48d-45b5-bd4a-4716d8bd2c63")>
2021-11-26 21:46:42,568 - root - INFO - sending text : CHE 44
2021-11-26 21:46:42,722 - root - INFO - Found Elements with text: ['']
2021-11-26 21:46:42,723 - root - INFO - sending text to : <selenium.webdriver.remote.webelement.WebElement (session="5b3e159cfa69d5e50d08217b97b2848c", element="3bf62d51-7562-49ed-b6a3-39da258de02b")>
2021-11-26 21:46:42,723 - root - INFO - sending text : Flower Mound
2021-11-26 21:46:42,946 - root - INFO - Found Elements with text: ['']
2021-11-26 21:46:42,946 - root - INFO - sending text to : <selenium.webdriver.remote.webelement.WebElement (session="5b3e159cfa69d5e50d08217b97b2848c", element="5bde3836-db2e-45e9-8d14-075538bfdcf3")>
2021-11-26 21:46:42,946 - root - INFO - sending text : 75022
2021-11-26 21:46:43,133 - root - INFO - Found Elements with text: ['United States', 'United States']
2021-11-26 21:46:43,214 - root - INFO - Clicking option
2021-11-26 21:46:43,282 - root - INFO - Clicked Locator(by='xpath', value="//option[@value='United States']")
2021-11-26 21:46:43,381 - root - INFO - Found Elements with text: ['Continue to shipping']
2021-11-26 21:46:43,443 - root - INFO - Clicking button
2021-11-26 21:46:47,783 - root - INFO - Clicked Locator(by='xpath', value='/html/body/div/div/div/main/div[1]/form/div[2]/button')
2021-11-26 21:46:47,797 - root - INFO - On page: https://www.halffaceblades.com/12593313/checkouts/382a394dc35090026920f680b8339a5b?previous_step=contact_information&step=shipping_method
2021-11-26 21:46:47,808 - root - INFO - On url 444:https://www.halffaceblades.com/12593313/checkouts/382a394dc35090026920f680b8339a5b?previous_step=contact_information&step=shipping_method
2021-11-26 21:46:48,906 - root - INFO - Found Elements with text: ['Continue to payment']
2021-11-26 21:46:48,992 - root - INFO - Clicking button
2021-11-26 21:46:54,734 - root - INFO - Clicked Locator(by='xpath', value='/html/body/div/div/div/main/div[1]/form/div[2]/button')
2021-11-26 21:46:54,760 - root - INFO - This is the url :https://www.halffaceblades.com/12593313/checkouts/382a394dc35090026920f680b8339a5b?previous_step=shipping_method&step=payment_method
2021-11-26 21:46:54,772 - root - INFO - On page: https://www.halffaceblades.com/12593313/checkouts/382a394dc35090026920f680b8339a5b?previous_step=shipping_method&step=payment_method
2021-11-26 21:46:54,784 - root - INFO - 


 https://www.halffaceblades.com/12593313/checkouts/382a394dc35090026920f680b8339a5b?previous_step=shipping_method&step=payment_method
https://www.halffaceblades.com/12593313/checkouts/382a394dc35090026920f680b8339a5b?previous_step=shipping_method&step=payment_method

2021-11-26 21:46:54,891 - root - INFO - Found Elements with text: ['']
2021-11-26 21:46:54,892 - root - INFO - sending text to : <selenium.webdriver.remote.webelement.WebElement (session="5b3e159cfa69d5e50d08217b97b2848c", element="11fdb77f-4418-4a52-8a3d-9acda96fd9cd")>
2021-11-26 21:46:54,892 - root - INFO - sending text : 4500
2021-11-26 21:46:55,069 - root - INFO - Found Elements with text: ['']
2021-11-26 21:46:55,069 - root - INFO - sending text to : <selenium.webdriver.remote.webelement.WebElement (session="5b3e159cfa69d5e50d08217b97b2848c", element="11fdb77f-4418-4a52-8a3d-9acda96fd9cd")>
2021-11-26 21:46:55,070 - root - INFO - sending text : 4600
2021-11-26 21:46:55,185 - root - INFO - Found Elements with text: ['']
2021-11-26 21:46:55,186 - root - INFO - sending text to : <selenium.webdriver.remote.webelement.WebElement (session="5b3e159cfa69d5e50d08217b97b2848c", element="11fdb77f-4418-4a52-8a3d-9acda96fd9cd")>
2021-11-26 21:46:55,186 - root - INFO - sending text : 0247
2021-11-26 21:46:55,277 - root - INFO - Found Elements with text: ['']
2021-11-26 21:46:55,277 - root - INFO - sending text to : <selenium.webdriver.remote.webelement.WebElement (session="5b3e159cfa69d5e50d08217b97b2848c", element="11fdb77f-4418-4a52-8a3d-9acda96fd9cd")>
2021-11-26 21:46:55,277 - root - INFO - sending text : 1186
2021-11-26 21:46:57,631 - root - INFO - Found Elements with text: ['']
2021-11-26 21:46:57,631 - root - INFO - sending text to : <selenium.webdriver.remote.webelement.WebElement (session="5b3e159cfa69d5e50d08217b97b2848c", element="b7a44ffa-af31-4a5b-b8b0-2a9adb87e4bc")>
2021-11-26 21:46:57,631 - root - INFO - sending text : 04
2021-11-26 21:46:57,784 - root - INFO - Found Elements with text: ['']
2021-11-26 21:46:57,785 - root - INFO - sending text to : <selenium.webdriver.remote.webelement.WebElement (session="5b3e159cfa69d5e50d08217b97b2848c", element="b7a44ffa-af31-4a5b-b8b0-2a9adb87e4bc")>
2021-11-26 21:46:57,785 - root - INFO - sending text : 18
2021-11-26 21:46:57,902 - root - INFO - Found Elements with text: ['']
2021-11-26 21:46:57,902 - root - INFO - sending text to : <selenium.webdriver.remote.webelement.WebElement (session="5b3e159cfa69d5e50d08217b97b2848c", element="ec6118ca-2571-4f49-bd35-d7736a5562bb")>
2021-11-26 21:46:57,902 - root - INFO - sending text : 790
2021-11-26 21:46:58,027 - root - INFO - Found Elements with text: ['']
2021-11-26 21:46:58,114 - root - INFO - Clicking div
2021-11-26 21:46:58,218 - root - INFO - Clicked Locator(by='xpath', value='/html/body/div/div/div/main/div[1]/div/form/div[2]/div[2]/fieldset/div[1]/div')
2021-11-26 21:46:58,301 - root - INFO - Found Elements with text: ['Pay now']
2021-11-26 21:46:58,380 - root - INFO - Clicking button
2021-11-26 21:46:58,473 - root - INFO - Clicked Locator(by='xpath', value='/html/body/div/div/div/main/div[1]/div/form/div[3]/div[1]/button')
2021-11-26 21:46:58,474 - root - INFO - Clinked something
2021-11-26 21:46:58,484 - root - INFO - This is the url :https://www.halffaceblades.com/12593313/checkouts/382a394dc35090026920f680b8339a5b?previous_step=shipping_method&step=payment_method
2021-11-26 21:46:58,484 - root - INFO - Completed shipping information
2021-11-26 21:46:58,484 - root - INFO - not max
2021-11-26 21:46:58,484 - root - INFO - not max
2021-11-26 21:46:58,484 - root - INFO - not max
2021-11-26 21:46:58,484 - root - INFO - not max
2021-11-26 21:46:58,484 - root - INFO - not max
2021-11-26 21:46:58,484 - root - INFO - not max
2021-11-26 21:46:58,484 - root - INFO - not max
2021-11-26 21:46:58,484 - root - INFO - not max
2021-11-26 21:46:58,484 - root - INFO - not max
